5                  pim_activate           1   0   0   0      0x3      0x0
5                  pim_activate           1   0   0   1      0x3      0x0
5                  pim_activate           1   0   0   2      0x3      0x0
5                  pim_activate           1   0   0   3      0x3      0x0
65                 pim_activate           1   0   1   0      0x3      0x0
65                 pim_activate           1   0   1   1      0x3      0x0
65                 pim_activate           1   0   1   2      0x3      0x0
65                 pim_activate           1   0   1   3      0x3      0x0
125                pim_activate           1   0   2   0      0x3      0x0
125                pim_activate           1   0   2   1      0x3      0x0
125                pim_activate           1   0   2   2      0x3      0x0
125                pim_activate           1   0   2   3      0x3      0x0
185                pim_activate           1   0   3   0      0x3      0x0
185                pim_activate           1   0   3   1      0x3      0x0
185                pim_activate           1   0   3   2      0x3      0x0
185                pim_activate           1   0   3   3      0x3      0x0
213                pim_read               1   0   0   0      0x3      0x0
213                pim_read               1   0   0   1      0x3      0x0
213                pim_read               1   0   0   2      0x3      0x0
213                pim_read               1   0   0   3      0x3      0x0
213                pim_read               1   0   1   0      0x3      0x0
213                pim_read               1   0   1   1      0x3      0x0
213                pim_read               1   0   1   2      0x3      0x0
213                pim_read               1   0   1   3      0x3      0x0
213                pim_read               1   0   2   0      0x3      0x0
213                pim_read               1   0   2   1      0x3      0x0
213                pim_read               1   0   2   2      0x3      0x0
213                pim_read               1   0   2   3      0x3      0x0
213                pim_read               1   0   3   0      0x3      0x0
213                pim_read               1   0   3   1      0x3      0x0
213                pim_read               1   0   3   2      0x3      0x0
213                pim_read               1   0   3   3      0x3      0x0
215                pim_read               1   0   0   0      0x3      0x1
215                pim_read               1   0   0   1      0x3      0x1
215                pim_read               1   0   0   2      0x3      0x1
215                pim_read               1   0   0   3      0x3      0x1
215                pim_read               1   0   1   0      0x3      0x1
215                pim_read               1   0   1   1      0x3      0x1
215                pim_read               1   0   1   2      0x3      0x1
215                pim_read               1   0   1   3      0x3      0x1
215                pim_read               1   0   2   0      0x3      0x1
215                pim_read               1   0   2   1      0x3      0x1
215                pim_read               1   0   2   2      0x3      0x1
215                pim_read               1   0   2   3      0x3      0x1
215                pim_read               1   0   3   0      0x3      0x1
215                pim_read               1   0   3   1      0x3      0x1
215                pim_read               1   0   3   2      0x3      0x1
215                pim_read               1   0   3   3      0x3      0x1
217                pim_read               1   0   0   0      0x3      0x2
217                pim_read               1   0   0   1      0x3      0x2
217                pim_read               1   0   0   2      0x3      0x2
217                pim_read               1   0   0   3      0x3      0x2
217                pim_read               1   0   1   0      0x3      0x2
217                pim_read               1   0   1   1      0x3      0x2
217                pim_read               1   0   1   2      0x3      0x2
217                pim_read               1   0   1   3      0x3      0x2
217                pim_read               1   0   2   0      0x3      0x2
217                pim_read               1   0   2   1      0x3      0x2
217                pim_read               1   0   2   2      0x3      0x2
217                pim_read               1   0   2   3      0x3      0x2
217                pim_read               1   0   3   0      0x3      0x2
217                pim_read               1   0   3   1      0x3      0x2
217                pim_read               1   0   3   2      0x3      0x2
217                pim_read               1   0   3   3      0x3      0x2
219                pim_read               1   0   0   0      0x3      0x3
219                pim_read               1   0   0   1      0x3      0x3
219                pim_read               1   0   0   2      0x3      0x3
219                pim_read               1   0   0   3      0x3      0x3
219                pim_read               1   0   1   0      0x3      0x3
219                pim_read               1   0   1   1      0x3      0x3
219                pim_read               1   0   1   2      0x3      0x3
219                pim_read               1   0   1   3      0x3      0x3
219                pim_read               1   0   2   0      0x3      0x3
219                pim_read               1   0   2   1      0x3      0x3
219                pim_read               1   0   2   2      0x3      0x3
219                pim_read               1   0   2   3      0x3      0x3
219                pim_read               1   0   3   0      0x3      0x3
219                pim_read               1   0   3   1      0x3      0x3
219                pim_read               1   0   3   2      0x3      0x3
219                pim_read               1   0   3   3      0x3      0x3
221                pim_read               1   0   0   0      0x3      0x4
221                pim_read               1   0   0   1      0x3      0x4
221                pim_read               1   0   0   2      0x3      0x4
221                pim_read               1   0   0   3      0x3      0x4
221                pim_read               1   0   1   0      0x3      0x4
221                pim_read               1   0   1   1      0x3      0x4
221                pim_read               1   0   1   2      0x3      0x4
221                pim_read               1   0   1   3      0x3      0x4
221                pim_read               1   0   2   0      0x3      0x4
221                pim_read               1   0   2   1      0x3      0x4
221                pim_read               1   0   2   2      0x3      0x4
221                pim_read               1   0   2   3      0x3      0x4
221                pim_read               1   0   3   0      0x3      0x4
221                pim_read               1   0   3   1      0x3      0x4
221                pim_read               1   0   3   2      0x3      0x4
221                pim_read               1   0   3   3      0x3      0x4
223                pim_read               1   0   0   0      0x3      0x5
223                pim_read               1   0   0   1      0x3      0x5
223                pim_read               1   0   0   2      0x3      0x5
223                pim_read               1   0   0   3      0x3      0x5
223                pim_read               1   0   1   0      0x3      0x5
223                pim_read               1   0   1   1      0x3      0x5
223                pim_read               1   0   1   2      0x3      0x5
223                pim_read               1   0   1   3      0x3      0x5
223                pim_read               1   0   2   0      0x3      0x5
223                pim_read               1   0   2   1      0x3      0x5
223                pim_read               1   0   2   2      0x3      0x5
223                pim_read               1   0   2   3      0x3      0x5
223                pim_read               1   0   3   0      0x3      0x5
223                pim_read               1   0   3   1      0x3      0x5
223                pim_read               1   0   3   2      0x3      0x5
223                pim_read               1   0   3   3      0x3      0x5
225                pim_read               1   0   0   0      0x3      0x6
225                pim_read               1   0   0   1      0x3      0x6
225                pim_read               1   0   0   2      0x3      0x6
225                pim_read               1   0   0   3      0x3      0x6
225                pim_read               1   0   1   0      0x3      0x6
225                pim_read               1   0   1   1      0x3      0x6
225                pim_read               1   0   1   2      0x3      0x6
225                pim_read               1   0   1   3      0x3      0x6
225                pim_read               1   0   2   0      0x3      0x6
225                pim_read               1   0   2   1      0x3      0x6
225                pim_read               1   0   2   2      0x3      0x6
225                pim_read               1   0   2   3      0x3      0x6
225                pim_read               1   0   3   0      0x3      0x6
225                pim_read               1   0   3   1      0x3      0x6
225                pim_read               1   0   3   2      0x3      0x6
225                pim_read               1   0   3   3      0x3      0x6
227                pim_read_p             1   0   0   0      0x3      0x7
227                pim_read_p             1   0   0   1      0x3      0x7
227                pim_read_p             1   0   0   2      0x3      0x7
227                pim_read_p             1   0   0   3      0x3      0x7
227                pim_read_p             1   0   1   0      0x3      0x7
227                pim_read_p             1   0   1   1      0x3      0x7
227                pim_read_p             1   0   1   2      0x3      0x7
227                pim_read_p             1   0   1   3      0x3      0x7
227                pim_read_p             1   0   2   0      0x3      0x7
227                pim_read_p             1   0   2   1      0x3      0x7
227                pim_read_p             1   0   2   2      0x3      0x7
227                pim_read_p             1   0   2   3      0x3      0x7
227                pim_read_p             1   0   3   0      0x3      0x7
227                pim_read_p             1   0   3   1      0x3      0x7
227                pim_read_p             1   0   3   2      0x3      0x7
227                pim_read_p             1   0   3   3      0x3      0x7
260                pim_activate           1   0   0   0      0x0      0x0
260                pim_activate           1   0   2   0      0x0      0x0
288                pim_read               1   0   0   0      0x0      0x0
288                pim_read               1   0   2   0      0x0      0x0
290                pim_read               1   0   0   0      0x0      0x1
290                pim_read               1   0   2   0      0x0      0x1
292                pim_read               1   0   0   0      0x0      0x2
292                pim_read               1   0   2   0      0x0      0x2
294                pim_read               1   0   0   0      0x0      0x3
294                pim_read               1   0   2   0      0x0      0x3
296                pim_read               1   0   0   0      0x0      0x4
296                pim_read               1   0   2   0      0x0      0x4
298                pim_read               1   0   0   0      0x0      0x5
298                pim_read               1   0   2   0      0x0      0x5
300                pim_read               1   0   0   0      0x0      0x6
300                pim_read               1   0   2   0      0x0      0x6
302                pim_read               1   0   0   0      0x0      0x7
302                pim_read               1   0   2   0      0x0      0x7
304                pim_read               1   0   0   0      0x0      0x8
304                pim_read               1   0   2   0      0x0      0x8
306                pim_read               1   0   0   0      0x0      0x9
306                pim_read               1   0   2   0      0x0      0x9
308                pim_read               1   0   0   0      0x0      0xa
308                pim_read               1   0   2   0      0x0      0xa
310                pim_read               1   0   0   0      0x0      0xb
310                pim_read               1   0   2   0      0x0      0xb
312                pim_read               1   0   0   0      0x0      0xc
312                pim_read               1   0   2   0      0x0      0xc
314                pim_read               1   0   0   0      0x0      0xd
314                pim_read               1   0   2   0      0x0      0xd
316                pim_read               1   0   0   0      0x0      0xe
316                pim_read               1   0   2   0      0x0      0xe
318                pim_read               1   0   0   0      0x0      0xf
318                pim_read               1   0   2   0      0x0      0xf
320                pim_read               1   0   0   0      0x0     0x10
320                pim_read               1   0   2   0      0x0     0x10
322                pim_read               1   0   0   0      0x0     0x11
322                pim_read               1   0   2   0      0x0     0x11
324                pim_read               1   0   0   0      0x0     0x12
324                pim_read               1   0   2   0      0x0     0x12
326                pim_read               1   0   0   0      0x0     0x13
326                pim_read               1   0   2   0      0x0     0x13
328                pim_read               1   0   0   0      0x0     0x14
328                pim_read               1   0   2   0      0x0     0x14
330                pim_read               1   0   0   0      0x0     0x15
330                pim_read               1   0   2   0      0x0     0x15
332                pim_read               1   0   0   0      0x0     0x16
332                pim_read               1   0   2   0      0x0     0x16
334                pim_read               1   0   0   0      0x0     0x17
334                pim_read               1   0   2   0      0x0     0x17
336                pim_read               1   0   0   0      0x0     0x18
336                pim_read               1   0   2   0      0x0     0x18
338                pim_read               1   0   0   0      0x0     0x19
338                pim_read               1   0   2   0      0x0     0x19
340                pim_read               1   0   0   0      0x0     0x1a
340                pim_read               1   0   2   0      0x0     0x1a
342                pim_read               1   0   0   0      0x0     0x1b
342                pim_read               1   0   2   0      0x0     0x1b
344                pim_read               1   0   0   0      0x0     0x1c
344                pim_read               1   0   2   0      0x0     0x1c
346                pim_read               1   0   0   0      0x0     0x1d
346                pim_read               1   0   2   0      0x0     0x1d
348                pim_read               1   0   0   0      0x0     0x1e
348                pim_read               1   0   2   0      0x0     0x1e
350                pim_read               1   0   0   0      0x0     0x1f
350                pim_read               1   0   2   0      0x0     0x1f
352                pim_read               1   0   0   0      0x0     0x20
352                pim_read               1   0   2   0      0x0     0x20
354                pim_read               1   0   0   0      0x0     0x21
354                pim_read               1   0   2   0      0x0     0x21
356                pim_read               1   0   0   0      0x0     0x22
356                pim_read               1   0   2   0      0x0     0x22
358                pim_read               1   0   0   0      0x0     0x23
358                pim_read               1   0   2   0      0x0     0x23
360                pim_read               1   0   0   0      0x0     0x24
360                pim_read               1   0   2   0      0x0     0x24
362                pim_read               1   0   0   0      0x0     0x25
362                pim_read               1   0   2   0      0x0     0x25
364                pim_read               1   0   0   0      0x0     0x26
364                pim_read               1   0   2   0      0x0     0x26
366                pim_read               1   0   0   0      0x0     0x27
366                pim_read               1   0   2   0      0x0     0x27
368                pim_read               1   0   0   0      0x0     0x28
368                pim_read               1   0   2   0      0x0     0x28
370                pim_read               1   0   0   0      0x0     0x29
370                pim_read               1   0   2   0      0x0     0x29
372                pim_read               1   0   0   0      0x0     0x2a
372                pim_read               1   0   2   0      0x0     0x2a
374                pim_read               1   0   0   0      0x0     0x2b
374                pim_read               1   0   2   0      0x0     0x2b
376                pim_read               1   0   0   0      0x0     0x2c
376                pim_read               1   0   2   0      0x0     0x2c
378                pim_read               1   0   0   0      0x0     0x2d
378                pim_read               1   0   2   0      0x0     0x2d
380                pim_read               1   0   0   0      0x0     0x2e
380                pim_read               1   0   2   0      0x0     0x2e
382                pim_read               1   0   0   0      0x0     0x2f
382                pim_read               1   0   2   0      0x0     0x2f
384                pim_read               1   0   0   0      0x0     0x30
384                pim_read               1   0   2   0      0x0     0x30
386                pim_read               1   0   0   0      0x0     0x31
386                pim_read               1   0   2   0      0x0     0x31
388                pim_read               1   0   0   0      0x0     0x32
388                pim_read               1   0   2   0      0x0     0x32
390                pim_read               1   0   0   0      0x0     0x33
390                pim_read               1   0   2   0      0x0     0x33
392                pim_read               1   0   0   0      0x0     0x34
392                pim_read               1   0   2   0      0x0     0x34
394                pim_read               1   0   0   0      0x0     0x35
394                pim_read               1   0   2   0      0x0     0x35
396                pim_read               1   0   0   0      0x0     0x36
396                pim_read               1   0   2   0      0x0     0x36
398                pim_read               1   0   0   0      0x0     0x37
398                pim_read               1   0   2   0      0x0     0x37
400                pim_read               1   0   0   0      0x0     0x38
400                pim_read               1   0   2   0      0x0     0x38
402                pim_read               1   0   0   0      0x0     0x39
402                pim_read               1   0   2   0      0x0     0x39
404                pim_read               1   0   0   0      0x0     0x3a
404                pim_read               1   0   2   0      0x0     0x3a
406                pim_read               1   0   0   0      0x0     0x3b
406                pim_read               1   0   2   0      0x0     0x3b
408                pim_read               1   0   0   0      0x0     0x3c
408                pim_read               1   0   2   0      0x0     0x3c
410                pim_read               1   0   0   0      0x0     0x3d
410                pim_read               1   0   2   0      0x0     0x3d
412                pim_read               1   0   0   0      0x0     0x3e
412                pim_read               1   0   2   0      0x0     0x3e
414                pim_read_p             1   0   0   0      0x0     0x3f
414                pim_read_p             1   0   2   0      0x0     0x3f
415                pim_activate           1   0   0   1      0x0      0x0
415                pim_activate           1   0   2   1      0x0      0x0
443                pim_write              1   0   0   1      0x0      0x0
443                pim_write              1   0   2   1      0x0      0x0
445                pim_write              1   0   0   1      0x0      0x1
445                pim_write              1   0   2   1      0x0      0x1
447                pim_write              1   0   0   1      0x0      0x2
447                pim_write              1   0   2   1      0x0      0x2
449                pim_write              1   0   0   1      0x0      0x3
449                pim_write              1   0   2   1      0x0      0x3
451                pim_write              1   0   0   1      0x0      0x4
451                pim_write              1   0   2   1      0x0      0x4
453                pim_write              1   0   0   1      0x0      0x5
453                pim_write              1   0   2   1      0x0      0x5
455                pim_write              1   0   0   1      0x0      0x6
455                pim_write              1   0   2   1      0x0      0x6
457                pim_write              1   0   0   1      0x0      0x7
457                pim_write              1   0   2   1      0x0      0x7
459                pim_write              1   0   0   1      0x0      0x8
459                pim_write              1   0   2   1      0x0      0x8
461                pim_write              1   0   0   1      0x0      0x9
461                pim_write              1   0   2   1      0x0      0x9
463                pim_write              1   0   0   1      0x0      0xa
463                pim_write              1   0   2   1      0x0      0xa
465                pim_write              1   0   0   1      0x0      0xb
465                pim_write              1   0   2   1      0x0      0xb
467                pim_write              1   0   0   1      0x0      0xc
467                pim_write              1   0   2   1      0x0      0xc
469                pim_write              1   0   0   1      0x0      0xd
469                pim_write              1   0   2   1      0x0      0xd
471                pim_write              1   0   0   1      0x0      0xe
471                pim_write              1   0   2   1      0x0      0xe
473                pim_write              1   0   0   1      0x0      0xf
473                pim_write              1   0   2   1      0x0      0xf
475                pim_write              1   0   0   1      0x0     0x10
475                pim_write              1   0   2   1      0x0     0x10
477                pim_write              1   0   0   1      0x0     0x11
477                pim_write              1   0   2   1      0x0     0x11
479                pim_write              1   0   0   1      0x0     0x12
479                pim_write              1   0   2   1      0x0     0x12
481                pim_write              1   0   0   1      0x0     0x13
481                pim_write              1   0   2   1      0x0     0x13
483                pim_write              1   0   0   1      0x0     0x14
483                pim_write              1   0   2   1      0x0     0x14
485                pim_write              1   0   0   1      0x0     0x15
485                pim_write              1   0   2   1      0x0     0x15
487                pim_write              1   0   0   1      0x0     0x16
487                pim_write              1   0   2   1      0x0     0x16
489                pim_write              1   0   0   1      0x0     0x17
489                pim_write              1   0   2   1      0x0     0x17
491                pim_write              1   0   0   1      0x0     0x18
491                pim_write              1   0   2   1      0x0     0x18
493                pim_write              1   0   0   1      0x0     0x19
493                pim_write              1   0   2   1      0x0     0x19
495                pim_write              1   0   0   1      0x0     0x1a
495                pim_write              1   0   2   1      0x0     0x1a
497                pim_write              1   0   0   1      0x0     0x1b
497                pim_write              1   0   2   1      0x0     0x1b
499                pim_write              1   0   0   1      0x0     0x1c
499                pim_write              1   0   2   1      0x0     0x1c
501                pim_write              1   0   0   1      0x0     0x1d
501                pim_write              1   0   2   1      0x0     0x1d
503                pim_write              1   0   0   1      0x0     0x1e
503                pim_write              1   0   2   1      0x0     0x1e
505                pim_write              1   0   0   1      0x0     0x1f
505                pim_write              1   0   2   1      0x0     0x1f
507                pim_write              1   0   0   1      0x0     0x20
507                pim_write              1   0   2   1      0x0     0x20
509                pim_write              1   0   0   1      0x0     0x21
509                pim_write              1   0   2   1      0x0     0x21
511                pim_write              1   0   0   1      0x0     0x22
511                pim_write              1   0   2   1      0x0     0x22
513                pim_write              1   0   0   1      0x0     0x23
513                pim_write              1   0   2   1      0x0     0x23
515                pim_write              1   0   0   1      0x0     0x24
515                pim_write              1   0   2   1      0x0     0x24
517                pim_write              1   0   0   1      0x0     0x25
517                pim_write              1   0   2   1      0x0     0x25
519                pim_write              1   0   0   1      0x0     0x26
519                pim_write              1   0   2   1      0x0     0x26
521                pim_write              1   0   0   1      0x0     0x27
521                pim_write              1   0   2   1      0x0     0x27
523                pim_write              1   0   0   1      0x0     0x28
523                pim_write              1   0   2   1      0x0     0x28
525                pim_write              1   0   0   1      0x0     0x29
525                pim_write              1   0   2   1      0x0     0x29
527                pim_write              1   0   0   1      0x0     0x2a
527                pim_write              1   0   2   1      0x0     0x2a
529                pim_write              1   0   0   1      0x0     0x2b
529                pim_write              1   0   2   1      0x0     0x2b
531                pim_write              1   0   0   1      0x0     0x2c
531                pim_write              1   0   2   1      0x0     0x2c
533                pim_write              1   0   0   1      0x0     0x2d
533                pim_write              1   0   2   1      0x0     0x2d
535                pim_write              1   0   0   1      0x0     0x2e
535                pim_write              1   0   2   1      0x0     0x2e
537                pim_write              1   0   0   1      0x0     0x2f
537                pim_write              1   0   2   1      0x0     0x2f
539                pim_write              1   0   0   1      0x0     0x30
539                pim_write              1   0   2   1      0x0     0x30
541                pim_write              1   0   0   1      0x0     0x31
541                pim_write              1   0   2   1      0x0     0x31
543                pim_write              1   0   0   1      0x0     0x32
543                pim_write              1   0   2   1      0x0     0x32
545                pim_write              1   0   0   1      0x0     0x33
545                pim_write              1   0   2   1      0x0     0x33
547                pim_write              1   0   0   1      0x0     0x34
547                pim_write              1   0   2   1      0x0     0x34
549                pim_write              1   0   0   1      0x0     0x35
549                pim_write              1   0   2   1      0x0     0x35
551                pim_write              1   0   0   1      0x0     0x36
551                pim_write              1   0   2   1      0x0     0x36
553                pim_write              1   0   0   1      0x0     0x37
553                pim_write              1   0   2   1      0x0     0x37
555                pim_write              1   0   0   1      0x0     0x38
555                pim_write              1   0   2   1      0x0     0x38
557                pim_write              1   0   0   1      0x0     0x39
557                pim_write              1   0   2   1      0x0     0x39
559                pim_write              1   0   0   1      0x0     0x3a
559                pim_write              1   0   2   1      0x0     0x3a
561                pim_write              1   0   0   1      0x0     0x3b
561                pim_write              1   0   2   1      0x0     0x3b
563                pim_write              1   0   0   1      0x0     0x3c
563                pim_write              1   0   2   1      0x0     0x3c
565                pim_write              1   0   0   1      0x0     0x3d
565                pim_write              1   0   2   1      0x0     0x3d
567                pim_write              1   0   0   1      0x0     0x3e
567                pim_write              1   0   2   1      0x0     0x3e
569                pim_write_p            1   0   0   1      0x0     0x3f
569                pim_write_p            1   0   2   1      0x0     0x3f
